[07/31/2023 21:20:26][Build] > Created Log file at: ../jobs/build_20230731212026.log
[07/31/2023 21:20:26][Build] > Build started at: 07/31/2023 21:20:26
[07/31/2023 21:20:26][Build] > Gathering system information...
[07/31/2023 21:20:26][Build] > Platform: Linux
[07/31/2023 21:20:26][Build] > Release: 5.19.0-46-generic
[07/31/2023 21:20:26][Build] > Version: #47~22.04.1-Ubuntu SMP PREEMPT_DYNAMIC Wed Jun 21 15:35:31 UTC 2
[07/31/2023 21:20:26][Build] > Architecture: ('64bit', 'ELF')
[07/31/2023 21:20:26][Build] > Extracting Images...
[07/31/2023 21:20:35][Build] > Successfully extracted images. Time taken: 8.52885913848877
[07/31/2023 21:20:35][ImgProcessing] > Starting pre-processing of images...
[07/31/2023 21:20:35][ImgProcessing] > Building img lists...
[07/31/2023 21:20:35][ImgProcessing] > Processing Images...
[07/31/2023 21:20:45][ImgProcessing] > Complete. Processed 941 images...
[07/31/2023 21:20:45][Build] > Done Pre-Processing Images. Time taken: 10.253740310668945
[07/31/2023 21:20:45][ModelGen] > Starting model generation...
[07/31/2023 21:20:45][ModelGen] > Loading in image Data...
[07/31/2023 21:20:53][ModelGen] > Creating Model...
[07/31/2023 21:22:16][ModelGen] > Done generating model...
[07/31/2023 21:22:16][ModelGen] > Test Score: 0.6656970977783203
[07/31/2023 21:22:16][ModelGen] > Test Accuracy: 0.6613756418228149
[07/31/2023 21:22:16][ModelGen] > Saving and exporting model to: ../models
[07/31/2023 21:22:17][ModelGen] > Finished exporting: model-20230731212026.keras
[07/31/2023 21:22:17][Build] > Done generating model. Time taken: 92.12877082824707
[07/31/2023 21:22:17][Build] > Cleaning Build...
[07/31/2023 21:22:23][Build] > Finished cleaning build...
[07/31/2023 21:22:23][Build] > Total Build Time: 117.17874813079834
