[07/31/2023 16:37:00][Build] > Created Log file at: ../jobs/build_20230731163700.log
[07/31/2023 16:37:00][Build] > Build started at: 07/31/2023 16:37:00
[07/31/2023 16:37:00][Build] > Gathering system information...
[07/31/2023 16:37:00][Build] > Platform: Linux
[07/31/2023 16:37:00][Build] > Release: 5.19.0-46-generic
[07/31/2023 16:37:00][Build] > Version: #47~22.04.1-Ubuntu SMP PREEMPT_DYNAMIC Wed Jun 21 15:35:31 UTC 2
[07/31/2023 16:37:00][Build] > Architecture: ('64bit', 'ELF')
[07/31/2023 16:37:00][Build] > Extracting Images...
[07/31/2023 16:37:09][Build] > Successfully extracted images. Time taken: 8.72213363647461
[07/31/2023 16:37:09][ImgProcessing] > Starting pre-processing of images...
[07/31/2023 16:37:09][ImgProcessing] > Building img lists...
[07/31/2023 16:37:09][ImgProcessing] > Processing Images...
[07/31/2023 16:37:19][ImgProcessing] > Complete. Processed 941 images...
[07/31/2023 16:37:19][Build] > Done Pre-Processing Images. Time taken: 10.052837371826172
[07/31/2023 16:37:19][ModelGen] > Starting model generation...
[07/31/2023 16:37:19][ModelGen] > Loading in image Data...
[07/31/2023 16:37:27][ModelGen] > Creating Model...
[07/31/2023 16:38:50][ModelGen] > Done generating model...
[07/31/2023 16:38:51][ModelGen] > Test Score: 0.6397109031677246
[07/31/2023 16:38:51][ModelGen] > Test Accuracy: 0.6666666865348816
[07/31/2023 16:38:51][ModelGen] > Saving and exporting model to: ../models
[07/31/2023 16:38:53][ModelGen] > Finished exporting: model-20230731163700.keras
[07/31/2023 16:38:53][Build] > Done generating model. Time taken: 93.80567789077759
[07/31/2023 16:38:53][Build] > Cleaning Build...
[07/31/2023 16:38:59][Build] > Finished cleaning build...
