[07/31/2023 21:26:12][Build] > Created Log file at: ../jobs/build_20230731212612.log
[07/31/2023 21:26:12][Build] > Build started at: 07/31/2023 21:26:12
[07/31/2023 21:26:12][Build] > Gathering system information...
[07/31/2023 21:26:12][Build] > Platform: Linux
[07/31/2023 21:26:12][Build] > Release: 5.19.0-46-generic
[07/31/2023 21:26:12][Build] > Version: #47~22.04.1-Ubuntu SMP PREEMPT_DYNAMIC Wed Jun 21 15:35:31 UTC 2
[07/31/2023 21:26:12][Build] > Architecture: ('64bit', 'ELF')
[07/31/2023 21:26:12][Build] > Extracting Images...
[07/31/2023 21:26:20][Build] > Successfully extracted images. Time taken: 8.3988
[07/31/2023 21:26:20][ImgProcessing] > Starting pre-processing of images...
[07/31/2023 21:26:20][ImgProcessing] > Building img lists...
[07/31/2023 21:26:20][ImgProcessing] > Processing Images...
[07/31/2023 21:26:30][ImgProcessing] > Complete. Processed 941 images...
[07/31/2023 21:26:30][Build] > Done Pre-Processing Images. Time taken: 10.1724
[07/31/2023 21:26:30][ModelGen] > Starting model generation...
[07/31/2023 21:26:30][ModelGen] > Loading in image Data...
[07/31/2023 21:26:39][ModelGen] > Creating Model...
[07/31/2023 21:28:01][ModelGen] > Done generating model...
[07/31/2023 21:28:01][ModelGen] > Test Score: 0.6803065538406372
[07/31/2023 21:28:01][ModelGen] > Test Accuracy: 0.5873016119003296
[07/31/2023 21:28:01][ModelGen] > Saving and exporting model to: ../models
[07/31/2023 21:28:02][ModelGen] > Finished exporting: model-20230731212612.keras
[07/31/2023 21:28:02][Build] > Done generating model. Time taken: 91.7668
[07/31/2023 21:28:02][Build] > Cleaning Build...
[07/31/2023 21:28:08][Build] > Finished cleaning build...
[07/31/2023 21:28:08][Build] > Total Build Time: 116.6112
