[07/31/2023 21:37:30][Build] > Created Log file at: ../jobs/build_20230731213730.log
[07/31/2023 21:37:30][Build] > Build started at: 07/31/2023 21:37:30
[07/31/2023 21:37:30][Build] > Gathering system information...
[07/31/2023 21:37:30][Build] > Platform: Linux
[07/31/2023 21:37:30][Build] > Release: 5.19.0-46-generic
[07/31/2023 21:37:30][Build] > Version: #47~22.04.1-Ubuntu SMP PREEMPT_DYNAMIC Wed Jun 21 15:35:31 UTC 2
[07/31/2023 21:37:30][Build] > Architecture: ('64bit', 'ELF')
[07/31/2023 21:37:30][Build] > # of CPU Cores: 4
[07/31/2023 21:37:30][Build] > Extracting Images...
[07/31/2023 21:37:39][Build] > Successfully extracted images. Time taken: 8.6387
[07/31/2023 21:37:39][ImgProcessing] > Starting pre-processing of images...
[07/31/2023 21:37:39][ImgProcessing] > Building img lists...
[07/31/2023 21:37:39][ImgProcessing] > Processing Images...
[07/31/2023 21:37:49][ImgProcessing] > Complete. Processed 941 images...
[07/31/2023 21:37:49][Build] > Done Pre-Processing Images. Time taken: 10.0779
[07/31/2023 21:37:49][ModelGen] > Starting model generation...
[07/31/2023 21:37:49][ModelGen] > Loading in image Data...
[07/31/2023 21:37:57][ModelGen] > Creating Model...
[07/31/2023 21:39:20][ModelGen] > Done generating model...
[07/31/2023 21:39:20][ModelGen] > Test Score: 0.6169905662536621
[07/31/2023 21:39:20][ModelGen] > Test Accuracy: 0.7037037014961243
[07/31/2023 21:39:20][ModelGen] > Saving and exporting model to: ../models
[07/31/2023 21:39:21][ModelGen] > Finished exporting: model-20230731213730.keras
[07/31/2023 21:39:21][Build] > Done generating model. Time taken: 92.0515
[07/31/2023 21:39:21][Build] > Cleaning Build...
[07/31/2023 21:39:27][Build] > Finished cleaning build...
[07/31/2023 21:39:27][Build] > Total Build Time: 117.0621 seconds
