[07/31/2023 14:38:32][Build] > Created Log file at: ../jobs/build_20230731143832.log
[07/31/2023 14:38:32][Build] > Build started at: 07/31/2023 14:38:32
[07/31/2023 14:38:32][Build] > Gathering system information...
[07/31/2023 14:38:32][Build] > Platform: Linux
[07/31/2023 14:38:32][Build] > Release: 5.19.0-46-generic
[07/31/2023 14:38:32][Build] > Version: #47~22.04.1-Ubuntu SMP PREEMPT_DYNAMIC Wed Jun 21 15:35:31 UTC 2
[07/31/2023 14:38:32][Build] > Architecture: ('64bit', 'ELF')
[07/31/2023 14:38:32][Build] > Extracting Images...
[07/31/2023 14:38:46][Build] > Successfully extracted images. Time taken: 14.039843082427979
[07/31/2023 14:38:46][ImgProcessing] > Starting pre-processing of images...
[07/31/2023 14:38:46][ImgProcessing] > Building img lists...
[07/31/2023 14:38:46][ImgProcessing] > Processing Images...
[07/31/2023 14:39:02][ImgProcessing] > Complete. Processed 1463 images...
[07/31/2023 14:39:02][Build] > Done Pre-Processing Images. Time taken: 15.87971568107605
[07/31/2023 14:39:02][ModelGen] > Starting model generation...
[07/31/2023 14:39:02][ModelGen] > Loading in image Data...
[07/31/2023 14:39:15][ModelGen] > Creating Model...
[07/31/2023 14:41:08][ModelGen] > Done generating model...
[07/31/2023 14:41:09][ModelGen] > Test Score: 0.5973848700523376
[07/31/2023 14:41:09][ModelGen] > Test Accuracy: 0.6552901268005371
[07/31/2023 14:41:09][ModelGen] > Saving and exporting model to: ../models
[07/31/2023 14:41:11][ModelGen] > Finished exporting: model-20230731143832.keras
[07/31/2023 14:41:11][Build] > Done generating model. Time taken: 128.764981508255
[07/31/2023 14:41:11][Build] > Cleaning Build...
[07/31/2023 14:41:21][Build] > Finished cleaning build...
