[07/31/2023 23:06:00][Build] > Created Log file at: ../jobs/build_20230731230600.log
[07/31/2023 23:06:00][Build] > Build started at: 07/31/2023 23:06:00
[07/31/2023 23:06:00][Build] > Gathering system information...
[07/31/2023 23:06:00][Build] > Platform: Linux
[07/31/2023 23:06:00][Build] > Release: 5.15.0-47-generic
[07/31/2023 23:06:00][Build] > Version: #51-Ubuntu SMP Thu Aug 11 07:51:15 UTC 2022
[07/31/2023 23:06:00][Build] > Architecture: ('64bit', 'ELF')
[07/31/2023 23:06:00][Build] > # of CPU Cores: 128
[07/31/2023 23:06:00][Build] > Extracting Images...
[07/31/2023 23:06:08][Build] > Successfully extracted images. Time taken: 7.7411
[07/31/2023 23:06:08][ImgProcessing] > Starting pre-processing of images...
[07/31/2023 23:06:08][ImgProcessing] > Building img lists...
[07/31/2023 23:06:08][ImgProcessing] > Processing Images...
[07/31/2023 23:06:09][ImgProcessing] > Complete. Processed 1463 images...
[07/31/2023 23:06:09][Build] > Done Pre-Processing Images. Time taken: 0.7882
[07/31/2023 23:06:09][ModelGen] > Starting model generation...
[07/31/2023 23:06:09][ModelGen] > Loading in image Data...
[07/31/2023 23:06:11][ModelGen] > Creating Model...
[07/31/2023 23:08:37][ModelGen] > Done generating model...
[07/31/2023 23:08:38][ModelGen] > Test Score: 0.7626185417175293
[07/31/2023 23:08:38][ModelGen] > Test Accuracy: 0.6962457299232483
[07/31/2023 23:08:38][ModelGen] > Saving and exporting model to: ../models
[07/31/2023 23:08:39][ModelGen] > Finished exporting: model-20230731230600.keras
[07/31/2023 23:08:39][Build] > Done generating model. Time taken: 150.2727
[07/31/2023 23:08:39][Build] > Cleaning Build...
[07/31/2023 23:08:39][Build] > Finished cleaning build...
[07/31/2023 23:08:39][Build] > Total Build Time: 159.2586 seconds
