[07/31/2023 22:59:28][Build] > Created Log file at: ../jobs/build_20230731225928.log
[07/31/2023 22:59:28][Build] > Build started at: 07/31/2023 22:59:28
[07/31/2023 22:59:28][Build] > Gathering system information...
[07/31/2023 22:59:28][Build] > Platform: Linux
[07/31/2023 22:59:28][Build] > Release: 5.15.0-47-generic
[07/31/2023 22:59:28][Build] > Version: #51-Ubuntu SMP Thu Aug 11 07:51:15 UTC 2022
[07/31/2023 22:59:28][Build] > Architecture: ('64bit', 'ELF')
[07/31/2023 22:59:28][Build] > # of CPU Cores: 1
[07/31/2023 22:59:28][Build] > Extracting Images...
[07/31/2023 22:59:37][Build] > Successfully extracted images. Time taken: 8.2898
[07/31/2023 22:59:37][ImgProcessing] > Starting pre-processing of images...
[07/31/2023 22:59:37][ImgProcessing] > Building img lists...
[07/31/2023 22:59:37][ImgProcessing] > Processing Images...
[07/31/2023 22:59:44][ImgProcessing] > Complete. Processed 1463 images...
[07/31/2023 22:59:44][Build] > Done Pre-Processing Images. Time taken: 7.2158
[07/31/2023 22:59:44][ModelGen] > Starting model generation...
[07/31/2023 22:59:44][ModelGen] > Loading in image Data...
[07/31/2023 22:59:46][ModelGen] > Creating Model...
[07/31/2023 23:04:12][ModelGen] > Done generating model...
[07/31/2023 23:04:13][ModelGen] > Test Score: 0.6457483172416687
[07/31/2023 23:04:13][ModelGen] > Test Accuracy: 0.7098976373672485
[07/31/2023 23:04:13][ModelGen] > Saving and exporting model to: ../models
[07/31/2023 23:04:14][ModelGen] > Finished exporting: model-20230731225928.keras
[07/31/2023 23:04:14][Build] > Done generating model. Time taken: 269.6406
[07/31/2023 23:04:14][Build] > Cleaning Build...
[07/31/2023 23:04:14][Build] > Finished cleaning build...
[07/31/2023 23:04:14][Build] > Total Build Time: 285.4955 seconds
